<?xml version="1.0" encoding="UTF-8"?>
<robot generator="Robot 6.1.1 (Python 3.11.3 on win32)" generated="20251012 14:22:38.535" rpa="false" schemaversion="4">
<suite id="s1" name="SC item Compra Disp Emerg Teste Auto" source="C:\projetos\pe_integrado_robot\test\CRIAR_SOLICITACAO_COMPRAS\SC_compra_direta\SC_item_Compra_Disp_Emerg_Teste_Auto.robot">
<test id="s1-t1" name="CT01 - Criar SC - Aba dados Gerais" line="11">
<kw name="Configurar Variáveis de SC" library="Variaveis">
<kw name="Set Variable" library="BuiltIn">
<var>${nome_arquivo}</var>
<arg>${SUITE_SOURCE}</arg>
<doc>Returns the given values which can then be assigned to a variables.</doc>
<msg timestamp="20251012 14:22:40.288" level="INFO">${nome_arquivo} = C:\projetos\pe_integrado_robot\test\CRIAR_SOLICITACAO_COMPRAS\SC_compra_direta\SC_item_Compra_Disp_Emerg_Teste_Auto.robot</msg>
<status status="PASS" starttime="20251012 14:22:40.288" endtime="20251012 14:22:40.288"/>
</kw>
<kw name="Split String" library="String">
<var>${arquivo}</var>
<arg>${nome_arquivo}</arg>
<arg>${/}</arg>
<doc>Splits the ``string`` using ``separator`` as a delimiter string.</doc>
<msg timestamp="20251012 14:22:40.290" level="INFO">${arquivo} = ['C:', 'projetos', 'pe_integrado_robot', 'test', 'CRIAR_SOLICITACAO_COMPRAS', 'SC_compra_direta', 'SC_item_Compra_Disp_Emerg_Teste_Auto.robot']</msg>
<status status="PASS" starttime="20251012 14:22:40.288" endtime="20251012 14:22:40.290"/>
</kw>
<kw name="Set Variable" library="BuiltIn">
<var>${arquivo}</var>
<arg>${arquivo}[-1]</arg>
<doc>Returns the given values which can then be assigned to a variables.</doc>
<msg timestamp="20251012 14:22:40.290" level="INFO">${arquivo} = SC_item_Compra_Disp_Emerg_Teste_Auto.robot</msg>
<status status="PASS" starttime="20251012 14:22:40.290" endtime="20251012 14:22:40.290"/>
</kw>
<kw name="Replace String" library="String">
<var>${RESUMO_SC}</var>
<arg>${arquivo}</arg>
<arg>.robot</arg>
<arg>${EMPTY}</arg>
<doc>Replaces ``search_for`` in the given ``string`` with ``replace_with``.</doc>
<msg timestamp="20251012 14:22:40.290" level="INFO">${RESUMO_SC} = SC_item_Compra_Disp_Emerg_Teste_Auto</msg>
<status status="PASS" starttime="20251012 14:22:40.290" endtime="20251012 14:22:40.290"/>
</kw>
<kw name="Set Global Variable" library="BuiltIn">
<arg>${RESUMO_SC}</arg>
<doc>Makes a variable available globally in all tests and suites.</doc>
<msg timestamp="20251012 14:22:40.290" level="INFO">${RESUMO_SC} = SC_item_Compra_Disp_Emerg_Teste_Auto</msg>
<status status="PASS" starttime="20251012 14:22:40.290" endtime="20251012 14:22:40.290"/>
</kw>
<status status="PASS" starttime="20251012 14:22:40.288" endtime="20251012 14:22:40.290"/>
</kw>
<kw name="Dado que acesso o sistema" library="Resource_login">
<kw name="Open Browser" library="SeleniumLibrary">
<arg>${URL01}</arg>
<arg>browser=chrome</arg>
<doc>Opens a new browser instance to the optional ``url``.</doc>
<msg timestamp="20251012 14:22:40.290" level="INFO">Opening browser 'chrome' to base url 'https://www.homologpeintegrado.pe.gov.br/'.</msg>
<status status="PASS" starttime="20251012 14:22:40.290" endtime="20251012 14:22:46.920"/>
</kw>
<kw name="Maximize Browser Window" library="SeleniumLibrary">
<doc>Maximizes current browser window.</doc>
<status status="PASS" starttime="20251012 14:22:46.920" endtime="20251012 14:22:46.958"/>
</kw>
<kw name="Capture Page Screenshot" library="SeleniumLibrary">
<doc>Takes a screenshot of the current page and embeds it into a log file.</doc>
<msg timestamp="20251012 14:22:47.172" level="INFO" html="true">&lt;/td&gt;&lt;/tr&gt;&lt;tr&gt;&lt;td colspan="3"&gt;&lt;a href="selenium-screenshot-1.png"&gt;&lt;img src="selenium-screenshot-1.png" width="800px"&gt;&lt;/a&gt;</msg>
<status status="PASS" starttime="20251012 14:22:46.958" endtime="20251012 14:22:47.172"/>
</kw>
<status status="PASS" starttime="20251012 14:22:40.290" endtime="20251012 14:22:47.172"/>
</kw>
<kw name="E faço login com usuário &quot;solicitante.120101&quot;" library="Resource_login" sourcename="E faço login com usuário &quot;${usuario}&quot;">
<kw name="Wait Until Element Is Visible" library="SeleniumLibrary">
<arg>css=input[placeholder='Login']</arg>
<arg>10</arg>
<doc>Waits until the element ``locator`` is visible.</doc>
<status status="PASS" starttime="20251012 14:22:47.172" endtime="20251012 14:22:47.386"/>
</kw>
<kw name="Input Text" library="SeleniumLibrary">
<arg>css=input[placeholder='Login']</arg>
<arg>${usuario}</arg>
<doc>Types the given ``text`` into the text field identified by ``locator``.</doc>
<msg timestamp="20251012 14:22:47.387" level="INFO">Typing text 'solicitante.120101' into text field 'css=input[placeholder='Login']'.</msg>
<status status="PASS" starttime="20251012 14:22:47.386" endtime="20251012 14:22:47.615"/>
</kw>
<kw name="Input Text" library="SeleniumLibrary">
<arg>css=input[placeholder='Senha']</arg>
<arg>${senha1}</arg>
<doc>Types the given ``text`` into the text field identified by ``locator``.</doc>
<msg timestamp="20251012 14:22:47.618" level="INFO">Typing text 'PE@654321' into text field 'css=input[placeholder='Senha']'.</msg>
<status status="PASS" starttime="20251012 14:22:47.615" endtime="20251012 14:22:47.784"/>
</kw>
<kw name="Capture Page Screenshot" library="SeleniumLibrary">
<doc>Takes a screenshot of the current page and embeds it into a log file.</doc>
<msg timestamp="20251012 14:22:47.946" level="INFO" html="true">&lt;/td&gt;&lt;/tr&gt;&lt;tr&gt;&lt;td colspan="3"&gt;&lt;a href="selenium-screenshot-2.png"&gt;&lt;img src="selenium-screenshot-2.png" width="800px"&gt;&lt;/a&gt;</msg>
<status status="PASS" starttime="20251012 14:22:47.784" endtime="20251012 14:22:47.946"/>
</kw>
<kw name="Click Element" library="SeleniumLibrary">
<arg>css=input[type='submit']</arg>
<doc>Click the element identified by ``locator``.</doc>
<msg timestamp="20251012 14:22:47.946" level="INFO">Clicking element 'css=input[type='submit']'.</msg>
<status status="PASS" starttime="20251012 14:22:47.946" endtime="20251012 14:23:00.682"/>
</kw>
<kw name="Sleep" library="BuiltIn">
<arg>1</arg>
<doc>Pauses the test executed for the given time.</doc>
<msg timestamp="20251012 14:23:01.683" level="INFO">Slept 1 second</msg>
<status status="PASS" starttime="20251012 14:23:00.682" endtime="20251012 14:23:01.683"/>
</kw>
<kw name="Run Keyword And Return Status" library="BuiltIn">
<var>${login_sucesso}</var>
<arg>Wait Until Element Is Visible</arg>
<arg>xpath=//frame[contains(@name,'main')]</arg>
<arg>15</arg>
<doc>Runs the given keyword with given arguments and returns the status as a Boolean value.</doc>
<kw name="Wait Until Element Is Visible" library="SeleniumLibrary">
<arg>xpath=//frame[contains(@name,'main')]</arg>
<arg>15</arg>
<doc>Waits until the element ``locator`` is visible.</doc>
<status status="PASS" starttime="20251012 14:23:01.683" endtime="20251012 14:23:01.718"/>
</kw>
<msg timestamp="20251012 14:23:01.718" level="INFO">${login_sucesso} = True</msg>
<status status="PASS" starttime="20251012 14:23:01.683" endtime="20251012 14:23:01.718"/>
</kw>
<if>
<branch type="IF" condition="not ${login_sucesso}">
<kw name="Log" library="BuiltIn">
<arg>Senha incorreta, tentando novamente com outra senha</arg>
<doc>Logs the given message with the given level.</doc>
<status status="NOT RUN" starttime="20251012 14:23:01.719" endtime="20251012 14:23:01.719"/>
</kw>
<kw name="Input Text" library="SeleniumLibrary">
<arg>css=input[placeholder='Senha']</arg>
<arg>${senha2}</arg>
<doc>Types the given ``text`` into the text field identified by ``locator``.</doc>
<status status="NOT RUN" starttime="20251012 14:23:01.719" endtime="20251012 14:23:01.719"/>
</kw>
<kw name="Capture Page Screenshot" library="SeleniumLibrary">
<doc>Takes a screenshot of the current page and embeds it into a log file.</doc>
<status status="NOT RUN" starttime="20251012 14:23:01.719" endtime="20251012 14:23:01.719"/>
</kw>
<kw name="Click Element" library="SeleniumLibrary">
<arg>css=input[type='submit']</arg>
<doc>Click the element identified by ``locator``.</doc>
<status status="NOT RUN" starttime="20251012 14:23:01.719" endtime="20251012 14:23:01.719"/>
</kw>
<kw name="Wait Until Element Is Visible" library="SeleniumLibrary">
<arg>xpath=//frame[contains(@name,'main')]</arg>
<arg>15</arg>
<doc>Waits until the element ``locator`` is visible.</doc>
<status status="NOT RUN" starttime="20251012 14:23:01.719" endtime="20251012 14:23:01.719"/>
</kw>
<status status="NOT RUN" starttime="20251012 14:23:01.718" endtime="20251012 14:23:01.719"/>
</branch>
<status status="PASS" starttime="20251012 14:23:01.718" endtime="20251012 14:23:01.719"/>
</if>
<kw name="Capture Page Screenshot" library="SeleniumLibrary">
<doc>Takes a screenshot of the current page and embeds it into a log file.</doc>
<msg timestamp="20251012 14:23:01.862" level="INFO" html="true">&lt;/td&gt;&lt;/tr&gt;&lt;tr&gt;&lt;td colspan="3"&gt;&lt;a href="selenium-screenshot-3.png"&gt;&lt;img src="selenium-screenshot-3.png" width="800px"&gt;&lt;/a&gt;</msg>
<status status="PASS" starttime="20251012 14:23:01.720" endtime="20251012 14:23:01.862"/>
</kw>
<kw name="Sleep" library="BuiltIn">
<arg>1</arg>
<doc>Pauses the test executed for the given time.</doc>
<msg timestamp="20251012 14:23:02.862" level="INFO">Slept 1 second</msg>
<status status="PASS" starttime="20251012 14:23:01.862" endtime="20251012 14:23:02.862"/>
</kw>
<kw name="Run Keyword And Ignore Error" library="BuiltIn">
<arg>Handle Alert</arg>
<arg>ACCEPT</arg>
<doc>Runs the given keyword with the given arguments and ignores possible error.</doc>
<kw name="Handle Alert" library="SeleniumLibrary">
<arg>ACCEPT</arg>
<doc>Handles the current alert and returns its message.</doc>
<msg timestamp="20251012 14:23:02.863" level="INFO">HANDLE::&lt;class 'NoneType'&gt;::None</msg>
<msg timestamp="20251012 14:23:07.992" level="INFO" html="true">&lt;/td&gt;&lt;/tr&gt;&lt;tr&gt;&lt;td colspan="3"&gt;&lt;a href="selenium-screenshot-4.png"&gt;&lt;img src="selenium-screenshot-4.png" width="800px"&gt;&lt;/a&gt;</msg>
<msg timestamp="20251012 14:23:07.993" level="FAIL">Alert not found in 5 seconds.</msg>
<status status="FAIL" starttime="20251012 14:23:02.863" endtime="20251012 14:23:08.043"/>
</kw>
<status status="PASS" starttime="20251012 14:23:02.863" endtime="20251012 14:23:08.044"/>
</kw>
<kw name="Sleep" library="BuiltIn">
<arg>1</arg>
<doc>Pauses the test executed for the given time.</doc>
<msg timestamp="20251012 14:23:09.044" level="INFO">Slept 1 second</msg>
<status status="PASS" starttime="20251012 14:23:08.044" endtime="20251012 14:23:09.044"/>
</kw>
<status status="PASS" starttime="20251012 14:22:47.172" endtime="20251012 14:23:09.044"/>
</kw>
<kw name="E acesso a Tela de Lista de Solicitação de Compras" library="Resource_Cadastro_SC">
<kw name="Select Frame" library="SeleniumLibrary">
<arg>xpath=//frame[contains(@name,'main')]</arg>
<doc>Sets frame identified by ``locator`` as the current frame.</doc>
<msg timestamp="20251012 14:23:09.046" level="INFO">Selecting frame 'xpath=//frame[contains(@name,'main')]'.</msg>
<status status="PASS" starttime="20251012 14:23:09.044" endtime="20251012 14:23:09.086"/>
</kw>
<kw name="Wait Until Element Is Visible" library="SeleniumLibrary">
<arg>xpath=//div[@unselectable='on'][contains(.,'Negociação')]</arg>
<arg>30</arg>
<doc>Waits until the element ``locator`` is visible.</doc>
<status status="PASS" starttime="20251012 14:23:09.086" endtime="20251012 14:23:09.170"/>
</kw>
<kw name="Click Element" library="SeleniumLibrary">
<arg>xpath=//div[@unselectable='on'][contains(.,'Negociação')]</arg>
<doc>Click the element identified by ``locator``.</doc>
<msg timestamp="20251012 14:23:09.173" level="INFO">Clicking element 'xpath=//div[@unselectable='on'][contains(.,'Negociação')]'.</msg>
<status status="PASS" starttime="20251012 14:23:09.173" endtime="20251012 14:23:09.323"/>
</kw>
<kw name="Get WebElement" library="SeleniumLibrary">
<var>${elemento}</var>
<arg>xpath=//td[@class='label'][contains(.,'Solicitação de compra')]</arg>
<doc>Returns the first WebElement matching the given ``locator``.</doc>
<msg timestamp="20251012 14:23:09.345" level="INFO">${elemento} = &lt;selenium.webdriver.remote.webelement.WebElement (session="a109d99a48478b0047f3493e5bfbdaa1", element="f.C08841B71DEBD2E845C19CC05CA08D70.d.E0F54BEB188AD58E6B59D629C4380F75.e.100")&gt;</msg>
<status status="PASS" starttime="20251012 14:23:09.324" endtime="20251012 14:23:09.345"/>
</kw>
<kw name="Mouse Over" library="SeleniumLibrary">
<arg>${elemento}</arg>
<doc>Simulates hovering the mouse over the element ``locator``.</doc>
<msg timestamp="20251012 14:23:09.346" level="INFO">Simulating Mouse Over on element '&lt;selenium.webdriver.remote.webelement.WebElement (session="a109d99a48478b0047f3493e5bfbdaa1", element="f.C08841B71DEBD2E845C19CC05CA08D70.d.E0F54BEB188AD58E6B59D629C4380F75.e.100")&gt;'.</msg>
<status status="PASS" starttime="20251012 14:23:09.345" endtime="20251012 14:23:09.655"/>
</kw>
<kw name="Wait Until Element Is Visible" library="SeleniumLibrary">
<arg>xpath=//td[@class='label'][contains(.,'Lista de solicitações de compra')]</arg>
<arg>30</arg>
<doc>Waits until the element ``locator`` is visible.</doc>
<status status="PASS" starttime="20251012 14:23:09.657" endtime="20251012 14:23:09.687"/>
</kw>
<kw name="Click Element" library="SeleniumLibrary">
<arg>xpath=//td[@class='label'][contains(.,'Lista de solicitações de compra')]</arg>
<doc>Click the element identified by ``locator``.</doc>
<msg timestamp="20251012 14:23:09.688" level="INFO">Clicking element 'xpath=//td[@class='label'][contains(.,'Lista de solicitações de compra')]'.</msg>
<status status="PASS" starttime="20251012 14:23:09.687" endtime="20251012 14:23:09.814"/>
</kw>
<kw name="Sleep" library="BuiltIn">
<arg>1</arg>
<doc>Pauses the test executed for the given time.</doc>
<msg timestamp="20251012 14:23:10.814" level="INFO">Slept 1 second</msg>
<status status="PASS" starttime="20251012 14:23:09.814" endtime="20251012 14:23:10.814"/>
</kw>
<status status="PASS" starttime="20251012 14:23:09.044" endtime="20251012 14:23:10.814"/>
</kw>
<kw name="E clico em 'Incluir'" library="Resource_Cadastro_SC">
<kw name="Select Frame" library="SeleniumLibrary">
<arg>//iframe[@name='frmConteudo']</arg>
<doc>Sets frame identified by ``locator`` as the current frame.</doc>
<msg timestamp="20251012 14:23:10.814" level="INFO">Selecting frame '//iframe[@name='frmConteudo']'.</msg>
<status status="PASS" starttime="20251012 14:23:10.814" endtime="20251012 14:23:13.060"/>
</kw>
<kw name="Wait Until Element Is Visible" library="SeleniumLibrary">
<arg>//a[contains(.,'Incluir')]</arg>
<arg>20</arg>
<doc>Waits until the element ``locator`` is visible.</doc>
<status status="PASS" starttime="20251012 14:23:13.060" endtime="20251012 14:23:13.093"/>
</kw>
<kw name="Click Element" library="SeleniumLibrary">
<arg>//a[contains(.,'Incluir')]</arg>
<doc>Click the element identified by ``locator``.</doc>
<msg timestamp="20251012 14:23:13.095" level="INFO">Clicking element '//a[contains(.,'Incluir')]'.</msg>
<status status="PASS" starttime="20251012 14:23:13.093" endtime="20251012 14:23:13.348"/>
</kw>
<kw name="Switch Window" library="SeleniumLibrary">
<arg>NEW</arg>
<doc>Switches to browser window matching ``locator``.</doc>
<status status="PASS" starttime="20251012 14:23:13.348" endtime="20251012 14:23:13.375"/>
</kw>
<kw name="Sleep" library="BuiltIn">
<arg>2</arg>
<doc>Pauses the test executed for the given time.</doc>
<msg timestamp="20251012 14:23:15.377" level="INFO">Slept 2 seconds</msg>
<status status="PASS" starttime="20251012 14:23:13.375" endtime="20251012 14:23:15.377"/>
</kw>
<kw name="Capture Page Screenshot" library="SeleniumLibrary">
<doc>Takes a screenshot of the current page and embeds it into a log file.</doc>
<msg timestamp="20251012 14:23:15.479" level="INFO" html="true">&lt;/td&gt;&lt;/tr&gt;&lt;tr&gt;&lt;td colspan="3"&gt;&lt;a href="selenium-screenshot-5.png"&gt;&lt;img src="selenium-screenshot-5.png" width="800px"&gt;&lt;/a&gt;</msg>
<status status="PASS" starttime="20251012 14:23:15.377" endtime="20251012 14:23:15.479"/>
</kw>
<status status="PASS" starttime="20251012 14:23:10.814" endtime="20251012 14:23:15.479"/>
</kw>
<kw name="Então preencho os campos da Aba Dados gerais - Disp_Emerg" library="Resource_Cadastro_SC">
<kw name="Wait Until Element Is Visible" library="SeleniumLibrary">
<arg>//select[@name='_cORDEM_COMPRA_x_nCdModalidade']</arg>
<arg>15</arg>
<doc>Waits until the element ``locator`` is visible.</doc>
<status status="PASS" starttime="20251012 14:23:15.479" endtime="20251012 14:23:15.512"/>
</kw>
<kw name="Click Element" library="SeleniumLibrary">
<arg>//*[@id="_cORDEM_COMPRA_x_nCdModalidade"]//*[@value='7']</arg>
<doc>Click the element identified by ``locator``.</doc>
<msg timestamp="20251012 14:23:15.513" level="INFO">Clicking element '//*[@id="_cORDEM_COMPRA_x_nCdModalidade"]//*[@value='7']'.</msg>
<status status="PASS" starttime="20251012 14:23:15.512" endtime="20251012 14:23:15.688"/>
</kw>
<kw name="Wait Until Element Is Visible" library="SeleniumLibrary">
<arg>${TIPO}</arg>
<arg>30</arg>
<doc>Waits until the element ``locator`` is visible.</doc>
<status status="PASS" starttime="20251012 14:23:15.688" endtime="20251012 14:23:15.718"/>
</kw>
<kw name="Click Element" library="SeleniumLibrary">
<arg>${TIPO}</arg>
<doc>Click the element identified by ``locator``.</doc>
<msg timestamp="20251012 14:23:15.718" level="INFO">Clicking element '//*[@id="td_cORDEM_COMPRA_x_nIdTipoOrdemCompra"]'.</msg>
<status status="PASS" starttime="20251012 14:23:15.718" endtime="20251012 14:23:15.812"/>
</kw>
<kw name="Click Element" library="SeleniumLibrary">
<arg>${TIPO_AMS}</arg>
<doc>Click the element identified by ``locator``.</doc>
<msg timestamp="20251012 14:23:15.813" level="INFO">Clicking element '//*[@id="td_cORDEM_COMPRA_x_nIdTipoOrdemCompra"]//*[@value='14']'.</msg>
<status status="PASS" starttime="20251012 14:23:15.813" endtime="20251012 14:23:15.860"/>
</kw>
<kw name="Sleep" library="BuiltIn">
<arg>1</arg>
<doc>Pauses the test executed for the given time.</doc>
<msg timestamp="20251012 14:23:16.860" level="INFO">Slept 1 second</msg>
<status status="PASS" starttime="20251012 14:23:15.860" endtime="20251012 14:23:16.860"/>
</kw>
<kw name="Wait Until Element Is Visible" library="SeleniumLibrary">
<arg>//select[@name='_cORDEM_COMPRA_x_nCdCriterioPlanejamento']</arg>
<arg>30</arg>
<doc>Waits until the element ``locator`` is visible.</doc>
<status status="PASS" starttime="20251012 14:23:16.860" endtime="20251012 14:23:16.884"/>
</kw>
<kw name="Sleep" library="BuiltIn">
<arg>1</arg>
<doc>Pauses the test executed for the given time.</doc>
<msg timestamp="20251012 14:23:17.885" level="INFO">Slept 1 second</msg>
<status status="PASS" starttime="20251012 14:23:16.884" endtime="20251012 14:23:17.885"/>
</kw>
<kw name="Click Element" library="SeleniumLibrary">
<arg>//*[@id="_cORDEM_COMPRA_x_nCdCriterioPlanejamento"]//*[@value='431']</arg>
<doc>Click the element identified by ``locator``.</doc>
<msg timestamp="20251012 14:23:17.885" level="INFO">Clicking element '//*[@id="_cORDEM_COMPRA_x_nCdCriterioPlanejamento"]//*[@value='431']'.</msg>
<status status="PASS" starttime="20251012 14:23:17.885" endtime="20251012 14:23:17.934"/>
</kw>
<kw name="Sleep" library="BuiltIn">
<arg>1</arg>
<doc>Pauses the test executed for the given time.</doc>
<msg timestamp="20251012 14:23:18.935" level="INFO">Slept 1 second</msg>
<status status="PASS" starttime="20251012 14:23:17.935" endtime="20251012 14:23:18.935"/>
</kw>
<kw name="Capture Page Screenshot" library="SeleniumLibrary">
<doc>Takes a screenshot of the current page and embeds it into a log file.</doc>
<msg timestamp="20251012 14:23:19.006" level="INFO" html="true">&lt;/td&gt;&lt;/tr&gt;&lt;tr&gt;&lt;td colspan="3"&gt;&lt;a href="selenium-screenshot-6.png"&gt;&lt;img src="selenium-screenshot-6.png" width="800px"&gt;&lt;/a&gt;</msg>
<status status="PASS" starttime="20251012 14:23:18.935" endtime="20251012 14:23:19.006"/>
</kw>
<kw name="Wait Until Element Is Visible" library="SeleniumLibrary">
<arg>${PRIORIDADE}</arg>
<arg>30</arg>
<doc>Waits until the element ``locator`` is visible.</doc>
<status status="PASS" starttime="20251012 14:23:19.006" endtime="20251012 14:23:19.055"/>
</kw>
<kw name="Click Element" library="SeleniumLibrary">
<arg>${PRIORIDADE}</arg>
<doc>Click the element identified by ``locator``.</doc>
<msg timestamp="20251012 14:23:19.055" level="INFO">Clicking element '//*[@id="td_cORDEM_COMPRA_x_nCdPrioridade"]'.</msg>
<status status="PASS" starttime="20251012 14:23:19.055" endtime="20251012 14:23:19.138"/>
</kw>
<kw name="Sleep" library="BuiltIn">
<arg>1</arg>
<doc>Pauses the test executed for the given time.</doc>
<msg timestamp="20251012 14:23:20.139" level="INFO">Slept 1 second</msg>
<status status="PASS" starttime="20251012 14:23:19.138" endtime="20251012 14:23:20.139"/>
</kw>
<kw name="Click Element" library="SeleniumLibrary">
<arg>${PRIORIDADE_MEDIA}</arg>
<doc>Click the element identified by ``locator``.</doc>
<msg timestamp="20251012 14:23:20.140" level="INFO">Clicking element '//*[@id="td_cORDEM_COMPRA_x_nCdPrioridade"]//*[@value='2']'.</msg>
<status status="PASS" starttime="20251012 14:23:20.139" endtime="20251012 14:23:20.187"/>
</kw>
<kw name="Sleep" library="BuiltIn">
<arg>1</arg>
<doc>Pauses the test executed for the given time.</doc>
<msg timestamp="20251012 14:23:21.188" level="INFO">Slept 1 second</msg>
<status status="PASS" starttime="20251012 14:23:20.187" endtime="20251012 14:23:21.188"/>
</kw>
<kw name="Wait Until Element Is Visible" library="SeleniumLibrary">
<arg>${TIPO}</arg>
<arg>30</arg>
<doc>Waits until the element ``locator`` is visible.</doc>
<status status="PASS" starttime="20251012 14:23:21.188" endtime="20251012 14:23:21.213"/>
</kw>
<kw name="Click Element" library="SeleniumLibrary">
<arg>${TIPO}</arg>
<doc>Click the element identified by ``locator``.</doc>
<msg timestamp="20251012 14:23:21.213" level="INFO">Clicking element '//*[@id="td_cORDEM_COMPRA_x_nIdTipoOrdemCompra"]'.</msg>
<status status="PASS" starttime="20251012 14:23:21.213" endtime="20251012 14:23:21.279"/>
</kw>
<kw name="Click Element" library="SeleniumLibrary">
<arg>${TIPO_AMS}</arg>
<doc>Click the element identified by ``locator``.</doc>
<msg timestamp="20251012 14:23:21.281" level="INFO">Clicking element '//*[@id="td_cORDEM_COMPRA_x_nIdTipoOrdemCompra"]//*[@value='14']'.</msg>
<status status="PASS" starttime="20251012 14:23:21.279" endtime="20251012 14:23:21.317"/>
</kw>
<kw name="Sleep" library="BuiltIn">
<arg>1</arg>
<doc>Pauses the test executed for the given time.</doc>
<msg timestamp="20251012 14:23:22.318" level="INFO">Slept 1 second</msg>
<status status="PASS" starttime="20251012 14:23:21.317" endtime="20251012 14:23:22.318"/>
</kw>
<kw name="Input Text" library="SeleniumLibrary">
<arg>${CAMPO_RESUMO}</arg>
<arg>${RESUMO_SC}</arg>
<doc>Types the given ``text`` into the text field identified by ``locator``.</doc>
<msg timestamp="20251012 14:23:22.318" level="INFO">Typing text 'SC_item_Compra_Disp_Emerg_Teste_Auto' into text field 'css=textarea[id="_cORDEM_COMPRA_x_sDsOrdemCompra"]'.</msg>
<status status="PASS" starttime="20251012 14:23:22.318" endtime="20251012 14:23:22.590"/>
</kw>
<kw name="Sleep" library="BuiltIn">
<arg>1</arg>
<doc>Pauses the test executed for the given time.</doc>
<msg timestamp="20251012 14:23:23.591" level="INFO">Slept 1 second</msg>
<status status="PASS" starttime="20251012 14:23:22.590" endtime="20251012 14:23:23.591"/>
</kw>
<kw name="Click Element" library="SeleniumLibrary">
<arg>${LUPA_TIPO_OBJETO}</arg>
<doc>Click the element identified by ``locator``.</doc>
<msg timestamp="20251012 14:23:23.592" level="INFO">Clicking element '(//*[@id="img"])[1]'.</msg>
<status status="PASS" starttime="20251012 14:23:23.591" endtime="20251012 14:23:23.752"/>
</kw>
<kw name="Get Window Handles" library="SeleniumLibrary">
<var>${Janelas}</var>
<doc>Returns all child window handles of the selected browser as a list.</doc>
<msg timestamp="20251012 14:23:23.765" level="INFO">${Janelas} = ['2ACE8089F6A97896ADB41D9DA166D87B', '8564393787C7B0769201EA162E7702CB', '19B27B2969AF55F3533281DB3B47AB3F']</msg>
<status status="PASS" starttime="20251012 14:23:23.752" endtime="20251012 14:23:23.765"/>
</kw>
<kw name="Set Variable" library="BuiltIn">
<var>${Janela01}</var>
<arg>${Janelas}[1]</arg>
<doc>Returns the given values which can then be assigned to a variables.</doc>
<msg timestamp="20251012 14:23:23.765" level="INFO">${Janela01} = 8564393787C7B0769201EA162E7702CB</msg>
<status status="PASS" starttime="20251012 14:23:23.765" endtime="20251012 14:23:23.765"/>
</kw>
<kw name="Sleep" library="BuiltIn">
<arg>1</arg>
<doc>Pauses the test executed for the given time.</doc>
<msg timestamp="20251012 14:23:24.766" level="INFO">Slept 1 second</msg>
<status status="PASS" starttime="20251012 14:23:23.765" endtime="20251012 14:23:24.766"/>
</kw>
<kw name="Switch Window" library="SeleniumLibrary">
<arg>NEW</arg>
<doc>Switches to browser window matching ``locator``.</doc>
<status status="PASS" starttime="20251012 14:23:24.766" endtime="20251012 14:23:24.771"/>
</kw>
<kw name="Wait Until Element Is Visible" library="SeleniumLibrary">
<arg>${TITULO_TIPO_OBEJTO}</arg>
<arg>30</arg>
<doc>Waits until the element ``locator`` is visible.</doc>
<status status="PASS" starttime="20251012 14:23:24.771" endtime="20251012 14:23:24.796"/>
</kw>
<kw name="Wait Until Element Is Visible" library="SeleniumLibrary">
<arg>${INPUT_TIPO}</arg>
<arg>30</arg>
<doc>Waits until the element ``locator`` is visible.</doc>
<status status="PASS" starttime="20251012 14:23:24.796" endtime="20251012 14:23:24.827"/>
</kw>
<kw name="Input Text" library="SeleniumLibrary">
<arg>${INPUT_TIPO}</arg>
<arg>ANIMAIS VIVOS</arg>
<doc>Types the given ``text`` into the text field identified by ``locator``.</doc>
<msg timestamp="20251012 14:23:24.827" level="INFO">Typing text 'ANIMAIS VIVOS' into text field '//input[@field="normal"]'.</msg>
<status status="PASS" starttime="20251012 14:23:24.827" endtime="20251012 14:23:25.013"/>
</kw>
<kw name="Click Element" library="SeleniumLibrary">
<arg>//*[@id="tdPesquisar"]</arg>
<doc>Click the element identified by ``locator``.</doc>
<msg timestamp="20251012 14:23:25.014" level="INFO">Clicking element '//*[@id="tdPesquisar"]'.</msg>
<status status="PASS" starttime="20251012 14:23:25.014" endtime="20251012 14:23:25.087"/>
</kw>
<kw name="Click Element" library="SeleniumLibrary">
<arg>//input[@value="ANIMAIS VIVOS◘50"]</arg>
<doc>Click the element identified by ``locator``.</doc>
<msg timestamp="20251012 14:23:25.089" level="INFO">Clicking element '//input[@value="ANIMAIS VIVOS◘50"]'.</msg>
<status status="PASS" starttime="20251012 14:23:25.087" endtime="20251012 14:23:25.152"/>
</kw>
<kw name="Click Element" library="SeleniumLibrary">
<arg>//*[@name="ctl00$conteudoBotoes$btnConfirmar"]</arg>
<doc>Click the element identified by ``locator``.</doc>
<msg timestamp="20251012 14:23:25.154" level="INFO">Clicking element '//*[@name="ctl00$conteudoBotoes$btnConfirmar"]'.</msg>
<status status="PASS" starttime="20251012 14:23:25.152" endtime="20251012 14:23:25.235"/>
</kw>
<kw name="Switch Window" library="SeleniumLibrary">
<arg>${Janela01}</arg>
<doc>Switches to browser window matching ``locator``.</doc>
<status status="PASS" starttime="20251012 14:23:25.235" endtime="20251012 14:23:25.309"/>
</kw>
<kw name="Sleep" library="BuiltIn">
<arg>1</arg>
<doc>Pauses the test executed for the given time.</doc>
<msg timestamp="20251012 14:23:26.311" level="INFO">Slept 1 second</msg>
<status status="PASS" starttime="20251012 14:23:25.309" endtime="20251012 14:23:26.311"/>
</kw>
<kw name="Wait Until Element Is Visible" library="SeleniumLibrary">
<arg>${EMPRESA}</arg>
<arg>30</arg>
<doc>Waits until the element ``locator`` is visible.</doc>
<status status="PASS" starttime="20251012 14:23:26.311" endtime="20251012 14:23:26.334"/>
</kw>
<kw name="Click Element" library="SeleniumLibrary">
<arg>${EMPRESA}</arg>
<doc>Click the element identified by ``locator``.</doc>
<msg timestamp="20251012 14:23:26.340" level="INFO">Clicking element '//*[@id="td_cORDEM_COMPRA_x_nCdEmpresa"]'.</msg>
<status status="PASS" starttime="20251012 14:23:26.334" endtime="20251012 14:23:26.412"/>
</kw>
<kw name="Wait Until Element Is Visible" library="SeleniumLibrary">
<arg>${EMPRESA_SAD}</arg>
<arg>30</arg>
<doc>Waits until the element ``locator`` is visible.</doc>
<status status="PASS" starttime="20251012 14:23:26.412" endtime="20251012 14:23:26.443"/>
</kw>
<kw name="Click Element" library="SeleniumLibrary">
<arg>${EMPRESA_SAD}</arg>
<doc>Click the element identified by ``locator``.</doc>
<msg timestamp="20251012 14:23:26.444" level="INFO">Clicking element '//*[@id="td_cORDEM_COMPRA_x_nCdEmpresa"]//*[@value='3']'.</msg>
<status status="PASS" starttime="20251012 14:23:26.443" endtime="20251012 14:23:26.475"/>
</kw>
<kw name="Sleep" library="BuiltIn">
<arg>1</arg>
<doc>Pauses the test executed for the given time.</doc>
<msg timestamp="20251012 14:23:27.476" level="INFO">Slept 1 second</msg>
<status status="PASS" starttime="20251012 14:23:26.475" endtime="20251012 14:23:27.476"/>
</kw>
<kw name="Wait Until Element Is Visible" library="SeleniumLibrary">
<arg>${GESTAO}</arg>
<arg>30</arg>
<doc>Waits until the element ``locator`` is visible.</doc>
<status status="PASS" starttime="20251012 14:23:27.476" endtime="20251012 14:23:27.502"/>
</kw>
<kw name="Click Element" library="SeleniumLibrary">
<arg>${GESTAO}</arg>
<doc>Click the element identified by ``locator``.</doc>
<msg timestamp="20251012 14:23:27.505" level="INFO">Clicking element '//*[@id="td_cORDEM_COMPRA_x_nCdGestao"]'.</msg>
<status status="PASS" starttime="20251012 14:23:27.502" endtime="20251012 14:23:27.580"/>
</kw>
<kw name="Sleep" library="BuiltIn">
<arg>1</arg>
<doc>Pauses the test executed for the given time.</doc>
<msg timestamp="20251012 14:23:28.582" level="INFO">Slept 1 second</msg>
<status status="PASS" starttime="20251012 14:23:27.580" endtime="20251012 14:23:28.582"/>
</kw>
<kw name="Click Element" library="SeleniumLibrary">
<arg>${GESTAO_AD}</arg>
<doc>Click the element identified by ``locator``.</doc>
<msg timestamp="20251012 14:23:28.582" level="INFO">Clicking element '//option[@value='1'][contains(.,'00001 - ADMINISTRAÇÃO DIRETA')]'.</msg>
<status status="PASS" starttime="20251012 14:23:28.582" endtime="20251012 14:23:28.633"/>
</kw>
<kw name="Sleep" library="BuiltIn">
<arg>1</arg>
<doc>Pauses the test executed for the given time.</doc>
<msg timestamp="20251012 14:23:29.633" level="INFO">Slept 1 second</msg>
<status status="PASS" starttime="20251012 14:23:28.633" endtime="20251012 14:23:29.633"/>
</kw>
<kw name="Wait Until Element Is Visible" library="SeleniumLibrary">
<arg>${APLICACAO}</arg>
<arg>30</arg>
<doc>Waits until the element ``locator`` is visible.</doc>
<status status="PASS" starttime="20251012 14:23:29.633" endtime="20251012 14:23:29.653"/>
</kw>
<kw name="Click Element" library="SeleniumLibrary">
<arg>${APLICACAO}</arg>
<doc>Click the element identified by ``locator``.</doc>
<msg timestamp="20251012 14:23:29.660" level="INFO">Clicking element '//*[@id="td_cORDEM_COMPRA_x_nCdAplicacao"]'.</msg>
<status status="PASS" starttime="20251012 14:23:29.653" endtime="20251012 14:23:29.735"/>
</kw>
<kw name="Sleep" library="BuiltIn">
<arg>1</arg>
<doc>Pauses the test executed for the given time.</doc>
<msg timestamp="20251012 14:23:30.736" level="INFO">Slept 1 second</msg>
<status status="PASS" starttime="20251012 14:23:29.735" endtime="20251012 14:23:30.736"/>
</kw>
<kw name="Click Element" library="SeleniumLibrary">
<arg>${APLICACAO_EI}</arg>
<doc>Click the element identified by ``locator``.</doc>
<msg timestamp="20251012 14:23:30.737" level="INFO">Clicking element '//option[@value='1'][contains(.,'Entrega imediata')]'.</msg>
<status status="PASS" starttime="20251012 14:23:30.736" endtime="20251012 14:23:30.769"/>
</kw>
<kw name="Sleep" library="BuiltIn">
<arg>1</arg>
<doc>Pauses the test executed for the given time.</doc>
<msg timestamp="20251012 14:23:31.770" level="INFO">Slept 1 second</msg>
<status status="PASS" starttime="20251012 14:23:30.769" endtime="20251012 14:23:31.770"/>
</kw>
<kw name="Wait Until Element Is Visible" library="SeleniumLibrary">
<arg>//input[@id='_cORDEM_COMPRA_x_nStOrigemSC_0']</arg>
<arg>20</arg>
<doc>Waits until the element ``locator`` is visible.</doc>
<status status="PASS" starttime="20251012 14:23:31.770" endtime="20251012 14:23:31.797"/>
</kw>
<kw name="Click Element" library="SeleniumLibrary">
<arg>//input[@id='_cORDEM_COMPRA_x_nStOrigemSC_0']</arg>
<doc>Click the element identified by ``locator``.</doc>
<msg timestamp="20251012 14:23:31.798" level="INFO">Clicking element '//input[@id='_cORDEM_COMPRA_x_nStOrigemSC_0']'.</msg>
<status status="PASS" starttime="20251012 14:23:31.797" endtime="20251012 14:23:31.857"/>
</kw>
<kw name="Capture Page Screenshot" library="SeleniumLibrary">
<doc>Takes a screenshot of the current page and embeds it into a log file.</doc>
<msg timestamp="20251012 14:23:31.946" level="INFO" html="true">&lt;/td&gt;&lt;/tr&gt;&lt;tr&gt;&lt;td colspan="3"&gt;&lt;a href="selenium-screenshot-7.png"&gt;&lt;img src="selenium-screenshot-7.png" width="800px"&gt;&lt;/a&gt;</msg>
<status status="PASS" starttime="20251012 14:23:31.857" endtime="20251012 14:23:31.946"/>
</kw>
<kw name="Sleep" library="BuiltIn">
<arg>1</arg>
<doc>Pauses the test executed for the given time.</doc>
<msg timestamp="20251012 14:23:32.947" level="INFO">Slept 1 second</msg>
<status status="PASS" starttime="20251012 14:23:31.946" endtime="20251012 14:23:32.947"/>
</kw>
<kw name="Execute Javascript" library="SeleniumLibrary">
<arg>window.scrollTo(0, document.body.scrollHeight)</arg>
<doc>Executes the given JavaScript code with possible arguments.</doc>
<msg timestamp="20251012 14:23:32.948" level="INFO">Executing JavaScript:
window.scrollTo(0, document.body.scrollHeight)
Without any arguments.</msg>
<status status="PASS" starttime="20251012 14:23:32.947" endtime="20251012 14:23:32.954"/>
</kw>
<kw name="Wait Until Element Is Visible" library="SeleniumLibrary">
<arg>${LUPA_GRUPO_COMPRA}</arg>
<arg>30</arg>
<doc>Waits until the element ``locator`` is visible.</doc>
<status status="PASS" starttime="20251012 14:23:32.954" endtime="20251012 14:23:32.987"/>
</kw>
<kw name="Sleep" library="BuiltIn">
<arg>1</arg>
<doc>Pauses the test executed for the given time.</doc>
<msg timestamp="20251012 14:23:33.988" level="INFO">Slept 1 second</msg>
<status status="PASS" starttime="20251012 14:23:32.987" endtime="20251012 14:23:33.988"/>
</kw>
<kw name="Click Element" library="SeleniumLibrary">
<arg>${LUPA_GRUPO_COMPRA}</arg>
<doc>Click the element identified by ``locator``.</doc>
<msg timestamp="20251012 14:23:33.988" level="INFO">Clicking element '(//img[@id='img'])[3]'.</msg>
<status status="PASS" starttime="20251012 14:23:33.988" endtime="20251012 14:23:34.134"/>
</kw>
<kw name="Get Window Handles" library="SeleniumLibrary">
<var>${Janelas}</var>
<doc>Returns all child window handles of the selected browser as a list.</doc>
<msg timestamp="20251012 14:23:34.153" level="INFO">${Janelas} = ['2ACE8089F6A97896ADB41D9DA166D87B', '8564393787C7B0769201EA162E7702CB', '67061016F58E80CEFBFA07D1705F663F']</msg>
<status status="PASS" starttime="20251012 14:23:34.134" endtime="20251012 14:23:34.153"/>
</kw>
<kw name="Set Variable" library="BuiltIn">
<var>${Janela01}</var>
<arg>${Janelas}[1]</arg>
<doc>Returns the given values which can then be assigned to a variables.</doc>
<msg timestamp="20251012 14:23:34.154" level="INFO">${Janela01} = 8564393787C7B0769201EA162E7702CB</msg>
<status status="PASS" starttime="20251012 14:23:34.153" endtime="20251012 14:23:34.154"/>
</kw>
<kw name="Sleep" library="BuiltIn">
<arg>1</arg>
<doc>Pauses the test executed for the given time.</doc>
<msg timestamp="20251012 14:23:35.154" level="INFO">Slept 1 second</msg>
<status status="PASS" starttime="20251012 14:23:34.154" endtime="20251012 14:23:35.154"/>
</kw>
<kw name="Switch Window" library="SeleniumLibrary">
<arg>NEW</arg>
<doc>Switches to browser window matching ``locator``.</doc>
<status status="PASS" starttime="20251012 14:23:35.154" endtime="20251012 14:23:35.154"/>
</kw>
<kw name="Wait Until Element Is Visible" library="SeleniumLibrary">
<arg>//*[.='Selecionar grupo de compra']</arg>
<arg>30</arg>
<doc>Waits until the element ``locator`` is visible.</doc>
<status status="PASS" starttime="20251012 14:23:35.154" endtime="20251012 14:23:35.188"/>
</kw>
<kw name="Input Text" library="SeleniumLibrary">
<arg>${INPUT_TIPO}</arg>
<arg>SECRETARIA DE ADMINISTRAÇÃO</arg>
<doc>Types the given ``text`` into the text field identified by ``locator``.</doc>
<msg timestamp="20251012 14:23:35.191" level="INFO">Typing text 'SECRETARIA DE ADMINISTRAÇÃO' into text field '//input[@field="normal"]'.</msg>
<status status="PASS" starttime="20251012 14:23:35.188" endtime="20251012 14:23:35.450"/>
</kw>
<kw name="Wait Until Element Is Visible" library="SeleniumLibrary">
<arg>//*[@id="tdPesquisar"]</arg>
<arg>30</arg>
<doc>Waits until the element ``locator`` is visible.</doc>
<status status="PASS" starttime="20251012 14:23:35.450" endtime="20251012 14:23:35.468"/>
</kw>
<kw name="Click Element" library="SeleniumLibrary">
<arg>//*[@id="ctl00_btnPesquisar"]</arg>
<doc>Click the element identified by ``locator``.</doc>
<msg timestamp="20251012 14:23:35.468" level="INFO">Clicking element '//*[@id="ctl00_btnPesquisar"]'.</msg>
<status status="PASS" starttime="20251012 14:23:35.468" endtime="20251012 14:23:35.667"/>
</kw>
<kw name="Sleep" library="BuiltIn">
<arg>1</arg>
<doc>Pauses the test executed for the given time.</doc>
<msg timestamp="20251012 14:23:36.667" level="INFO">Slept 1 second</msg>
<status status="PASS" starttime="20251012 14:23:35.667" endtime="20251012 14:23:36.667"/>
</kw>
<kw name="Wait Until Element Is Visible" library="SeleniumLibrary">
<arg>//input[contains(@value,'Grupo de Compras Padrão - SECRETARIA DE ADMINISTRAÇÃO◘17')]</arg>
<arg>30</arg>
<doc>Waits until the element ``locator`` is visible.</doc>
<status status="PASS" starttime="20251012 14:23:36.667" endtime="20251012 14:23:36.686"/>
</kw>
<kw name="Click Element" library="SeleniumLibrary">
<arg>//input[contains(@value,'Grupo de Compras Padrão - SECRETARIA DE ADMINISTRAÇÃO◘17')]</arg>
<doc>Click the element identified by ``locator``.</doc>
<msg timestamp="20251012 14:23:36.686" level="INFO">Clicking element '//input[contains(@value,'Grupo de Compras Padrão - SECRETARIA DE ADMINISTRAÇÃO◘17')]'.</msg>
<status status="PASS" starttime="20251012 14:23:36.686" endtime="20251012 14:23:36.758"/>
</kw>
<kw name="Click Element" library="SeleniumLibrary">
<arg>//*[@name="ctl00$conteudoBotoes$btnConfirmar"]</arg>
<doc>Click the element identified by ``locator``.</doc>
<msg timestamp="20251012 14:23:36.759" level="INFO">Clicking element '//*[@name="ctl00$conteudoBotoes$btnConfirmar"]'.</msg>
<status status="PASS" starttime="20251012 14:23:36.758" endtime="20251012 14:23:36.833"/>
</kw>
<kw name="Sleep" library="BuiltIn">
<arg>1</arg>
<doc>Pauses the test executed for the given time.</doc>
<msg timestamp="20251012 14:23:37.834" level="INFO">Slept 1 second</msg>
<status status="PASS" starttime="20251012 14:23:36.833" endtime="20251012 14:23:37.834"/>
</kw>
<kw name="Switch Window" library="SeleniumLibrary">
<arg>${Janela01}</arg>
<doc>Switches to browser window matching ``locator``.</doc>
<status status="PASS" starttime="20251012 14:23:37.834" endtime="20251012 14:23:37.883"/>
</kw>
<kw name="Capture Page Screenshot" library="SeleniumLibrary">
<doc>Takes a screenshot of the current page and embeds it into a log file.</doc>
<msg timestamp="20251012 14:23:37.973" level="INFO" html="true">&lt;/td&gt;&lt;/tr&gt;&lt;tr&gt;&lt;td colspan="3"&gt;&lt;a href="selenium-screenshot-8.png"&gt;&lt;img src="selenium-screenshot-8.png" width="800px"&gt;&lt;/a&gt;</msg>
<status status="PASS" starttime="20251012 14:23:37.883" endtime="20251012 14:23:37.973"/>
</kw>
<kw name="Click Element" library="SeleniumLibrary">
<arg>//*[@id="btnSalvar"]</arg>
<doc>Click the element identified by ``locator``.</doc>
<msg timestamp="20251012 14:23:37.974" level="INFO">Clicking element '//*[@id="btnSalvar"]'.</msg>
<status status="PASS" starttime="20251012 14:23:37.974" endtime="20251012 14:23:38.067"/>
</kw>
<kw name="Sleep" library="BuiltIn">
<arg>1</arg>
<doc>Pauses the test executed for the given time.</doc>
<msg timestamp="20251012 14:23:39.068" level="INFO">Slept 1 second</msg>
<status status="PASS" starttime="20251012 14:23:38.068" endtime="20251012 14:23:39.068"/>
</kw>
<kw name="Handle Alert" library="SeleniumLibrary">
<arg>ACCEPT</arg>
<doc>Handles the current alert and returns its message.</doc>
<msg timestamp="20251012 14:23:39.068" level="INFO">HANDLE::&lt;class 'NoneType'&gt;::None</msg>
<status status="PASS" starttime="20251012 14:23:39.068" endtime="20251012 14:23:39.073"/>
</kw>
<kw name="Close Browser" library="SeleniumLibrary">
<doc>Closes the current browser.</doc>
<status status="PASS" starttime="20251012 14:23:39.073" endtime="20251012 14:23:41.477"/>
</kw>
<status status="PASS" starttime="20251012 14:23:15.479" endtime="20251012 14:23:41.477"/>
</kw>
<status status="PASS" starttime="20251012 14:22:40.281" endtime="20251012 14:23:41.477"/>
</test>
<test id="s1-t2" name="CT02 - Incluir Itens na Solicitação de Compras" line="20">
<kw name="Configurar Variáveis de SC" library="Variaveis">
<kw name="Set Variable" library="BuiltIn">
<var>${nome_arquivo}</var>
<arg>${SUITE_SOURCE}</arg>
<doc>Returns the given values which can then be assigned to a variables.</doc>
<msg timestamp="20251012 14:23:41.566" level="INFO">${nome_arquivo} = C:\projetos\pe_integrado_robot\test\CRIAR_SOLICITACAO_COMPRAS\SC_compra_direta\SC_item_Compra_Disp_Emerg_Teste_Auto.robot</msg>
<status status="PASS" starttime="20251012 14:23:41.563" endtime="20251012 14:23:41.566"/>
</kw>
<kw name="Split String" library="String">
<var>${arquivo}</var>
<arg>${nome_arquivo}</arg>
<arg>${/}</arg>
<doc>Splits the ``string`` using ``separator`` as a delimiter string.</doc>
<msg timestamp="20251012 14:23:41.567" level="INFO">${arquivo} = ['C:', 'projetos', 'pe_integrado_robot', 'test', 'CRIAR_SOLICITACAO_COMPRAS', 'SC_compra_direta', 'SC_item_Compra_Disp_Emerg_Teste_Auto.robot']</msg>
<status status="PASS" starttime="20251012 14:23:41.566" endtime="20251012 14:23:41.567"/>
</kw>
<kw name="Set Variable" library="BuiltIn">
<var>${arquivo}</var>
<arg>${arquivo}[-1]</arg>
<doc>Returns the given values which can then be assigned to a variables.</doc>
<msg timestamp="20251012 14:23:41.567" level="INFO">${arquivo} = SC_item_Compra_Disp_Emerg_Teste_Auto.robot</msg>
<status status="PASS" starttime="20251012 14:23:41.567" endtime="20251012 14:23:41.567"/>
</kw>
<kw name="Replace String" library="String">
<var>${RESUMO_SC}</var>
<arg>${arquivo}</arg>
<arg>.robot</arg>
<arg>${EMPTY}</arg>
<doc>Replaces ``search_for`` in the given ``string`` with ``replace_with``.</doc>
<msg timestamp="20251012 14:23:41.567" level="INFO">${RESUMO_SC} = SC_item_Compra_Disp_Emerg_Teste_Auto</msg>
<status status="PASS" starttime="20251012 14:23:41.567" endtime="20251012 14:23:41.567"/>
</kw>
<kw name="Set Global Variable" library="BuiltIn">
<arg>${RESUMO_SC}</arg>
<doc>Makes a variable available globally in all tests and suites.</doc>
<msg timestamp="20251012 14:23:41.569" level="INFO">${RESUMO_SC} = SC_item_Compra_Disp_Emerg_Teste_Auto</msg>
<status status="PASS" starttime="20251012 14:23:41.567" endtime="20251012 14:23:41.569"/>
</kw>
<status status="PASS" starttime="20251012 14:23:41.563" endtime="20251012 14:23:41.569"/>
</kw>
<kw name="Dado que acesso o sistema" library="Resource_login">
<kw name="Open Browser" library="SeleniumLibrary">
<arg>${URL01}</arg>
<arg>browser=chrome</arg>
<doc>Opens a new browser instance to the optional ``url``.</doc>
<msg timestamp="20251012 14:23:41.570" level="INFO">Opening browser 'chrome' to base url 'https://www.homologpeintegrado.pe.gov.br/'.</msg>
<status status="PASS" starttime="20251012 14:23:41.570" endtime="20251012 14:23:45.943"/>
</kw>
<kw name="Maximize Browser Window" library="SeleniumLibrary">
<doc>Maximizes current browser window.</doc>
<status status="PASS" starttime="20251012 14:23:45.944" endtime="20251012 14:23:45.984"/>
</kw>
<kw name="Capture Page Screenshot" library="SeleniumLibrary">
<doc>Takes a screenshot of the current page and embeds it into a log file.</doc>
<msg timestamp="20251012 14:23:46.206" level="INFO" html="true">&lt;/td&gt;&lt;/tr&gt;&lt;tr&gt;&lt;td colspan="3"&gt;&lt;a href="selenium-screenshot-9.png"&gt;&lt;img src="selenium-screenshot-9.png" width="800px"&gt;&lt;/a&gt;</msg>
<status status="PASS" starttime="20251012 14:23:45.989" endtime="20251012 14:23:46.206"/>
</kw>
<status status="PASS" starttime="20251012 14:23:41.569" endtime="20251012 14:23:46.208"/>
</kw>
<kw name="E faço login com usuário &quot;solicitante.120101&quot;" library="Resource_login" sourcename="E faço login com usuário &quot;${usuario}&quot;">
<kw name="Wait Until Element Is Visible" library="SeleniumLibrary">
<arg>css=input[placeholder='Login']</arg>
<arg>10</arg>
<doc>Waits until the element ``locator`` is visible.</doc>
<status status="PASS" starttime="20251012 14:23:46.208" endtime="20251012 14:23:46.253"/>
</kw>
<kw name="Input Text" library="SeleniumLibrary">
<arg>css=input[placeholder='Login']</arg>
<arg>${usuario}</arg>
<doc>Types the given ``text`` into the text field identified by ``locator``.</doc>
<msg timestamp="20251012 14:23:46.255" level="INFO">Typing text 'solicitante.120101' into text field 'css=input[placeholder='Login']'.</msg>
<status status="PASS" starttime="20251012 14:23:46.253" endtime="20251012 14:23:46.637"/>
</kw>
<kw name="Input Text" library="SeleniumLibrary">
<arg>css=input[placeholder='Senha']</arg>
<arg>${senha1}</arg>
<doc>Types the given ``text`` into the text field identified by ``locator``.</doc>
<msg timestamp="20251012 14:23:46.637" level="INFO">Typing text 'PE@654321' into text field 'css=input[placeholder='Senha']'.</msg>
<status status="PASS" starttime="20251012 14:23:46.637" endtime="20251012 14:23:46.832"/>
</kw>
<kw name="Capture Page Screenshot" library="SeleniumLibrary">
<doc>Takes a screenshot of the current page and embeds it into a log file.</doc>
<msg timestamp="20251012 14:23:47.000" level="INFO" html="true">&lt;/td&gt;&lt;/tr&gt;&lt;tr&gt;&lt;td colspan="3"&gt;&lt;a href="selenium-screenshot-10.png"&gt;&lt;img src="selenium-screenshot-10.png" width="800px"&gt;&lt;/a&gt;</msg>
<status status="PASS" starttime="20251012 14:23:46.832" endtime="20251012 14:23:47.000"/>
</kw>
<kw name="Click Element" library="SeleniumLibrary">
<arg>css=input[type='submit']</arg>
<doc>Click the element identified by ``locator``.</doc>
<msg timestamp="20251012 14:23:47.000" level="INFO">Clicking element 'css=input[type='submit']'.</msg>
<errors>
<msg timestamp="20251012 14:24:14.649" level="ERROR">Execution stopped by user.</msg>
</errors>
</robot>
